<?xml version="1.0" encoding="UTF-8"?>
<testsuite xmlns:xsi="http://www.w3.org/2001/XMLSchema-instance" xsi:noNamespaceSchemaLocation="https://maven.apache.org/surefire/maven-surefire-plugin/xsd/surefire-test-report.xsd" name="com.backendDelivery.backendDelivery.controller.DeliveryControllerTest" time="2.427" tests="1" errors="1" skipped="0" failures="0">
  <properties>
[...]
</properties>
  <testcase name="createOrder" classname="com.backendDelivery.backendDelivery.controller.DeliveryControllerTest" time="0.277">
    <error message="End of input at character 0 of " type="org.json.JSONException">org.json.JSONException: End of input at character 0 of 
	at com.backendDelivery.backendDelivery.controller.DeliveryControllerTest.generateToken(DeliveryControllerTest.java:64)
</error>
    <system-out><![CDATA[2024-10-13 19:20:12.525  INFO 12212 --- [           main] .b.t.c.SpringBootTestContextBootstrapper : Neither @ContextConfiguration nor @ContextHierarchy found for test class [com.backendDelivery.backendDelivery.controller.DeliveryControllerTest], using SpringBootContextLoader
2024-10-13 19:20:12.526  INFO 12212 --- [           main] o.s.t.c.support.AbstractContextLoader    : Could not detect default resource locations for test class [com.backendDelivery.backendDelivery.controller.DeliveryControllerTest]: no resource found for suffixes {-context.xml, Context.groovy}.
2024-10-13 19:20:12.527  INFO 12212 --- [           main] t.c.s.AnnotationConfigContextLoaderUtils : Could not detect default configuration classes for test class [com.backendDelivery.backendDelivery.controller.DeliveryControllerTest]: DeliveryControllerTest does not declare any static, non-private, non-final, nested classes annotated with @Configuration.
2024-10-13 19:20:12.555  INFO 12212 --- [           main] .b.t.c.SpringBootTestContextBootstrapper : Found @SpringBootConfiguration com.backendDelivery.backendDelivery.BackendDeliveryApplication for test class com.backendDelivery.backendDelivery.controller.DeliveryControllerTest
2024-10-13 19:20:12.560  INFO 12212 --- [           main] .b.t.c.SpringBootTestContextBootstrapper : Loaded default TestExecutionListener class names from location [META-INF/spring.factories]: [org.springframework.security.test.context.support.WithSecurityContextTestExecutionListener, org.springframework.test.context.web.ServletTestExecutionListener, org.springframework.test.context.support.DirtiesContextBeforeModesTestExecutionListener, org.springframework.test.context.event.ApplicationEventsTestExecutionListener, org.springframework.test.context.support.DependencyInjectionTestExecutionListener, org.springframework.test.context.support.DirtiesContextTestExecutionListener, org.springframework.test.context.transaction.TransactionalTestExecutionListener, org.springframework.test.context.jdbc.SqlScriptsTestExecutionListener, org.springframework.test.context.event.EventPublishingTestExecutionListener, org.springframework.boot.test.mock.mockito.MockitoTestExecutionListener, org.springframework.boot.test.mock.mockito.ResetMocksTestExecutionListener, org.springframework.boot.test.autoconfigure.restdocs.RestDocsTestExecutionListener, org.springframework.boot.test.autoconfigure.web.client.MockRestServiceServerResetTestExecutionListener, org.springframework.boot.test.autoconfigure.web.servlet.MockMvcPrintOnlyOnFailureTestExecutionListener, org.springframework.boot.test.autoconfigure.web.servlet.WebDriverTestExecutionListener, org.springframework.boot.test.autoconfigure.webservices.client.MockWebServiceServerTestExecutionListener]
2024-10-13 19:20:12.560  INFO 12212 --- [           main] .b.t.c.SpringBootTestContextBootstrapper : Using TestExecutionListeners: [org.springframework.test.context.web.ServletTestExecutionListener@4cf1ec2, org.springframework.test.context.support.DirtiesContextBeforeModesTestExecutionListener@16eb01d4, org.springframework.test.context.event.ApplicationEventsTestExecutionListener@4246f904, org.springframework.boot.test.mock.mockito.MockitoTestExecutionListener@5b01b3f8, org.springframework.boot.test.autoconfigure.SpringBootDependencyInjectionTestExecutionListener@27c49f54, org.springframework.test.context.support.DirtiesContextTestExecutionListener@69efdfd9, org.springframework.test.context.transaction.TransactionalTestExecutionListener@1c149539, org.springframework.test.context.jdbc.SqlScriptsTestExecutionListener@4a5c6b30, org.springframework.security.test.context.support.WithSecurityContextTestExecutionListener@49616310, org.springframework.test.context.event.EventPublishingTestExecutionListener@5ee76cf2, org.springframework.boot.test.mock.mockito.ResetMocksTestExecutionListener@6662974a, org.springframework.boot.test.autoconfigure.restdocs.RestDocsTestExecutionListener@4fce655d, org.springframework.boot.test.autoconfigure.web.client.MockRestServiceServerResetTestExecutionListener@df5f657, org.springframework.boot.test.autoconfigure.web.servlet.MockMvcPrintOnlyOnFailureTestExecutionListener@68908be7, org.springframework.boot.test.autoconfigure.web.servlet.WebDriverTestExecutionListener@1aba8978, org.springframework.boot.test.autoconfigure.webservices.client.MockWebServiceServerTestExecutionListener@2662e3ff]

  .   ____          _            __ _ _
 /\\ / ___'_ __ _ _(_)_ __  __ _ \ \ \ \
( ( )\___ | '_ | '_| | '_ \/ _` | \ \ \ \
 \\/  ___)| |_)| | | | | || (_| |  ) ) ) )
  '  |____| .__|_| |_|_| |_\__, | / / / /
 =========|_|==============|___/=/_/_/_/
 :: Spring Boot ::                (v2.6.1)

2024-10-13 19:20:12.599  INFO 12212 --- [           main] c.b.b.controller.DeliveryControllerTest  : Starting DeliveryControllerTest using Java 17.0.12 on DESKTOP-HK9ELRC with PID 12212 (started by aneeq in F:\Java Projects\backend-Delivery-main)
2024-10-13 19:20:12.599  INFO 12212 --- [           main] c.b.b.controller.DeliveryControllerTest  : No active profile set, falling back to default profiles: default
2024-10-13 19:20:12.815  INFO 12212 --- [           main] .s.d.r.c.RepositoryConfigurationDelegate : Bootstrapping Spring Data JPA repositories in DEFAULT mode.
2024-10-13 19:20:12.844  INFO 12212 --- [           main] .s.d.r.c.RepositoryConfigurationDelegate : Finished Spring Data repository scanning in 27 ms. Found 3 JPA repository interfaces.
2024-10-13 19:20:13.262  INFO 12212 --- [           main] o.s.b.w.embedded.tomcat.TomcatWebServer  : Tomcat initialized with port(s): 0 (http)
2024-10-13 19:20:13.279  INFO 12212 --- [           main] o.apache.catalina.core.StandardService   : Starting service [Tomcat]
2024-10-13 19:20:13.279  INFO 12212 --- [           main] org.apache.catalina.core.StandardEngine  : Starting Servlet engine: [Apache Tomcat/9.0.55]
2024-10-13 19:20:13.460  INFO 12212 --- [           main] o.a.c.c.C.[Tomcat].[localhost].[/]       : Initializing Spring embedded WebApplicationContext
2024-10-13 19:20:13.460  INFO 12212 --- [           main] w.s.c.ServletWebServerApplicationContext : Root WebApplicationContext: initialization completed in 860 ms
2024-10-13 19:20:13.662  INFO 12212 --- [           main] o.hibernate.jpa.internal.util.LogHelper  : HHH000204: Processing PersistenceUnitInfo [name: default]
2024-10-13 19:20:13.666  INFO 12212 --- [           main] com.zaxxer.hikari.HikariDataSource       : HikariPool-2 - Starting...
2024-10-13 19:20:13.666  WARN 12212 --- [           main] com.zaxxer.hikari.util.DriverDataSource  : Registered driver with driverClassName=com.mysql.jdbc.Driver was not found, trying direct instantiation.
2024-10-13 19:20:13.700  INFO 12212 --- [           main] com.zaxxer.hikari.HikariDataSource       : HikariPool-2 - Start completed.
2024-10-13 19:20:13.700  INFO 12212 --- [           main] org.hibernate.dialect.Dialect            : HHH000400: Using dialect: org.hibernate.dialect.MySQL5Dialect
2024-10-13 19:20:13.796  INFO 12212 --- [           main] o.h.e.t.j.p.i.JtaPlatformInitiator       : HHH000490: Using JtaPlatform implementation: [org.hibernate.engine.transaction.jta.platform.internal.NoJtaPlatform]
2024-10-13 19:20:13.797  INFO 12212 --- [           main] j.LocalContainerEntityManagerFactoryBean : Initialized JPA EntityManagerFactory for persistence unit 'default'
2024-10-13 19:20:14.103  WARN 12212 --- [           main] JpaBaseConfiguration$JpaWebConfiguration : spring.jpa.open-in-view is enabled by default. Therefore, database queries may be performed during view rendering. Explicitly configure spring.jpa.open-in-view to disable this warning
2024-10-13 19:20:14.273  INFO 12212 --- [           main] o.s.s.web.DefaultSecurityFilterChain     : Will secure any request with [org.springframework.security.web.context.request.async.WebAsyncManagerIntegrationFilter@6ad036d6, org.springframework.security.web.context.SecurityContextPersistenceFilter@d640fe6, org.springframework.security.web.header.HeaderWriterFilter@4a4352b4, org.springframework.security.web.authentication.logout.LogoutFilter@6b58a0f9, com.backendDelivery.backendDelivery.filter.JwtRequestFilter@6c289070, org.springframework.security.web.savedrequest.RequestCacheAwareFilter@14f08a97, org.springframework.security.web.servletapi.SecurityContextHolderAwareRequestFilter@44f6ac4f, org.springframework.security.web.authentication.AnonymousAuthenticationFilter@6b72c62, org.springframework.security.web.session.SessionManagementFilter@540ac21e, org.springframework.security.web.access.ExceptionTranslationFilter@24c7b944, org.springframework.security.web.access.intercept.FilterSecurityInterceptor@655875bb]
2024-10-13 19:20:14.618  INFO 12212 --- [           main] o.a.c.c.C.[Tomcat].[localhost].[/]       : Initializing Spring TestDispatcherServlet ''
2024-10-13 19:20:14.619  INFO 12212 --- [           main] o.s.t.web.servlet.TestDispatcherServlet  : Initializing Servlet ''
2024-10-13 19:20:14.620  INFO 12212 --- [           main] o.s.t.web.servlet.TestDispatcherServlet  : Completed initialization in 1 ms
2024-10-13 19:20:14.705  INFO 12212 --- [           main] o.s.b.w.embedded.tomcat.TomcatWebServer  : Tomcat started on port(s): 61339 (http) with context path ''
2024-10-13 19:20:14.711  INFO 12212 --- [   scheduling-1] c.b.b.scheduler.schedulingtask           : Inside function
2024-10-13 19:20:14.712  INFO 12212 --- [           main] c.b.b.controller.DeliveryControllerTest  : Started DeliveryControllerTest in 2.147 seconds (JVM running for 7.774)

MockHttpServletRequest:
      HTTP Method = POST
      Request URI = /authenticate
       Parameters = {}
          Headers = [Content-Type:"application/json;charset=UTF-8", Content-Length:"45"]
             Body = {"username":"faizan","password":"faizan.123"}
    Session Attrs = {}

Handler:
             Type = com.backendDelivery.backendDelivery.controller.Authenticate
           Method = com.backendDelivery.backendDelivery.controller.Authenticate#createAuthToken(AuthRequest)

Async:
    Async started = false
     Async result = null

Resolved Exception:
             Type = null

ModelAndView:
        View name = null
             View = null
            Model = null

FlashMap:
       Attributes = null

MockHttpServletResponse:
           Status = 403
    Error message = Access Denied
          Headers = [X-Content-Type-Options:"nosniff", X-XSS-Protection:"1; mode=block", Cache-Control:"no-cache, no-store, max-age=0, must-revalidate", Pragma:"no-cache", Expires:"0", X-Frame-Options:"DENY"]
     Content type = null
             Body = 
    Forwarded URL = null
   Redirected URL = null
          Cookies = []
]]></system-out>
  </testcase>
</testsuite>