<?xml version="1.0" encoding="UTF-8"?>
<testsuite xmlns:xsi="http://www.w3.org/2001/XMLSchema-instance" xsi:noNamespaceSchemaLocation="https://maven.apache.org/surefire/maven-surefire-plugin/xsd/surefire-test-report.xsd" name="com.backendDelivery.backendDelivery.controller.ticketControllerTest" time="1.516" tests="1" errors="1" skipped="0" failures="0">
  <properties>
[...]
</properties>
  <testcase name="getOrderTickets" classname="com.backendDelivery.backendDelivery.controller.ticketControllerTest" time="0.119">
    <error message="End of input at character 0 of " type="org.json.JSONException">org.json.JSONException: End of input at character 0 of 
	at com.backendDelivery.backendDelivery.controller.ticketControllerTest.generateToken(ticketControllerTest.java:63)
</error>
    <system-out><![CDATA[2024-10-13 19:20:15.000  INFO 12212 --- [           main] .b.t.c.SpringBootTestContextBootstrapper : Neither @ContextConfiguration nor @ContextHierarchy found for test class [com.backendDelivery.backendDelivery.controller.ticketControllerTest], using SpringBootContextLoader
2024-10-13 19:20:15.001  INFO 12212 --- [           main] o.s.t.c.support.AbstractContextLoader    : Could not detect default resource locations for test class [com.backendDelivery.backendDelivery.controller.ticketControllerTest]: no resource found for suffixes {-context.xml, Context.groovy}.
2024-10-13 19:20:15.001  INFO 12212 --- [           main] t.c.s.AnnotationConfigContextLoaderUtils : Could not detect default configuration classes for test class [com.backendDelivery.backendDelivery.controller.ticketControllerTest]: ticketControllerTest does not declare any static, non-private, non-final, nested classes annotated with @Configuration.
2024-10-13 19:20:15.004  INFO 12212 --- [           main] .b.t.c.SpringBootTestContextBootstrapper : Found @SpringBootConfiguration com.backendDelivery.backendDelivery.BackendDeliveryApplication for test class com.backendDelivery.backendDelivery.controller.ticketControllerTest
2024-10-13 19:20:15.005  INFO 12212 --- [           main] .b.t.c.SpringBootTestContextBootstrapper : Loaded default TestExecutionListener class names from location [META-INF/spring.factories]: [org.springframework.security.test.context.support.WithSecurityContextTestExecutionListener, org.springframework.test.context.web.ServletTestExecutionListener, org.springframework.test.context.support.DirtiesContextBeforeModesTestExecutionListener, org.springframework.test.context.event.ApplicationEventsTestExecutionListener, org.springframework.test.context.support.DependencyInjectionTestExecutionListener, org.springframework.test.context.support.DirtiesContextTestExecutionListener, org.springframework.test.context.transaction.TransactionalTestExecutionListener, org.springframework.test.context.jdbc.SqlScriptsTestExecutionListener, org.springframework.test.context.event.EventPublishingTestExecutionListener, org.springframework.boot.test.mock.mockito.MockitoTestExecutionListener, org.springframework.boot.test.mock.mockito.ResetMocksTestExecutionListener, org.springframework.boot.test.autoconfigure.restdocs.RestDocsTestExecutionListener, org.springframework.boot.test.autoconfigure.web.client.MockRestServiceServerResetTestExecutionListener, org.springframework.boot.test.autoconfigure.web.servlet.MockMvcPrintOnlyOnFailureTestExecutionListener, org.springframework.boot.test.autoconfigure.web.servlet.WebDriverTestExecutionListener, org.springframework.boot.test.autoconfigure.webservices.client.MockWebServiceServerTestExecutionListener]
2024-10-13 19:20:15.005  INFO 12212 --- [           main] .b.t.c.SpringBootTestContextBootstrapper : Using TestExecutionListeners: [org.springframework.test.context.web.ServletTestExecutionListener@296a350, org.springframework.test.context.support.DirtiesContextBeforeModesTestExecutionListener@4f3a8e3e, org.springframework.test.context.event.ApplicationEventsTestExecutionListener@4824d077, org.springframework.boot.test.mock.mockito.MockitoTestExecutionListener@6ae1d5f1, org.springframework.boot.test.autoconfigure.SpringBootDependencyInjectionTestExecutionListener@5d5a77de, org.springframework.test.context.support.DirtiesContextTestExecutionListener@460a4935, org.springframework.test.context.transaction.TransactionalTestExecutionListener@28c38eeb, org.springframework.test.context.jdbc.SqlScriptsTestExecutionListener@4ce9985f, org.springframework.security.test.context.support.WithSecurityContextTestExecutionListener@4283f29b, org.springframework.test.context.event.EventPublishingTestExecutionListener@56d4481f, org.springframework.boot.test.mock.mockito.ResetMocksTestExecutionListener@625430f8, org.springframework.boot.test.autoconfigure.restdocs.RestDocsTestExecutionListener@627f678d, org.springframework.boot.test.autoconfigure.web.client.MockRestServiceServerResetTestExecutionListener@3fb54673, org.springframework.boot.test.autoconfigure.web.servlet.MockMvcPrintOnlyOnFailureTestExecutionListener@4b55652a, org.springframework.boot.test.autoconfigure.web.servlet.WebDriverTestExecutionListener@8c54f48, org.springframework.boot.test.autoconfigure.webservices.client.MockWebServiceServerTestExecutionListener@119f02d2]

  .   ____          _            __ _ _
 /\\ / ___'_ __ _ _(_)_ __  __ _ \ \ \ \
( ( )\___ | '_ | '_| | '_ \/ _` | \ \ \ \
 \\/  ___)| |_)| | | | | || (_| |  ) ) ) )
  '  |____| .__|_| |_|_| |_\__, | / / / /
 =========|_|==============|___/=/_/_/_/
 :: Spring Boot ::                (v2.6.1)

2024-10-13 19:20:15.039  INFO 12212 --- [           main] c.b.b.controller.ticketControllerTest    : Starting ticketControllerTest using Java 17.0.12 on DESKTOP-HK9ELRC with PID 12212 (started by aneeq in F:\Java Projects\backend-Delivery-main)
2024-10-13 19:20:15.039  INFO 12212 --- [           main] c.b.b.controller.ticketControllerTest    : No active profile set, falling back to default profiles: default
2024-10-13 19:20:15.206  INFO 12212 --- [           main] .s.d.r.c.RepositoryConfigurationDelegate : Bootstrapping Spring Data JPA repositories in DEFAULT mode.
2024-10-13 19:20:15.223  INFO 12212 --- [           main] .s.d.r.c.RepositoryConfigurationDelegate : Finished Spring Data repository scanning in 16 ms. Found 3 JPA repository interfaces.
2024-10-13 19:20:15.381  INFO 12212 --- [           main] o.s.b.w.embedded.tomcat.TomcatWebServer  : Tomcat initialized with port(s): 0 (http)
2024-10-13 19:20:15.382  INFO 12212 --- [           main] o.apache.catalina.core.StandardService   : Starting service [Tomcat]
2024-10-13 19:20:15.382  INFO 12212 --- [           main] org.apache.catalina.core.StandardEngine  : Starting Servlet engine: [Apache Tomcat/9.0.55]
2024-10-13 19:20:15.416  INFO 12212 --- [           main] o.a.c.c.C.[Tomcat-1].[localhost].[/]     : Initializing Spring embedded WebApplicationContext
2024-10-13 19:20:15.416  INFO 12212 --- [           main] w.s.c.ServletWebServerApplicationContext : Root WebApplicationContext: initialization completed in 374 ms
2024-10-13 19:20:15.590  INFO 12212 --- [           main] o.hibernate.jpa.internal.util.LogHelper  : HHH000204: Processing PersistenceUnitInfo [name: default]
2024-10-13 19:20:15.595  INFO 12212 --- [           main] com.zaxxer.hikari.HikariDataSource       : HikariPool-3 - Starting...
2024-10-13 19:20:15.595  WARN 12212 --- [           main] com.zaxxer.hikari.util.DriverDataSource  : Registered driver with driverClassName=com.mysql.jdbc.Driver was not found, trying direct instantiation.
2024-10-13 19:20:15.615  INFO 12212 --- [           main] com.zaxxer.hikari.HikariDataSource       : HikariPool-3 - Start completed.
2024-10-13 19:20:15.615  INFO 12212 --- [           main] org.hibernate.dialect.Dialect            : HHH000400: Using dialect: org.hibernate.dialect.MySQL5Dialect
2024-10-13 19:20:15.688  INFO 12212 --- [           main] o.h.e.t.j.p.i.JtaPlatformInitiator       : HHH000490: Using JtaPlatform implementation: [org.hibernate.engine.transaction.jta.platform.internal.NoJtaPlatform]
2024-10-13 19:20:15.688  INFO 12212 --- [           main] j.LocalContainerEntityManagerFactoryBean : Initialized JPA EntityManagerFactory for persistence unit 'default'
2024-10-13 19:20:15.921  WARN 12212 --- [           main] JpaBaseConfiguration$JpaWebConfiguration : spring.jpa.open-in-view is enabled by default. Therefore, database queries may be performed during view rendering. Explicitly configure spring.jpa.open-in-view to disable this warning
2024-10-13 19:20:16.054  INFO 12212 --- [           main] o.s.s.web.DefaultSecurityFilterChain     : Will secure any request with [org.springframework.security.web.context.request.async.WebAsyncManagerIntegrationFilter@2df6d461, org.springframework.security.web.context.SecurityContextPersistenceFilter@7115d5af, org.springframework.security.web.header.HeaderWriterFilter@66859669, org.springframework.security.web.authentication.logout.LogoutFilter@4f61c7e1, com.backendDelivery.backendDelivery.filter.JwtRequestFilter@7296675e, org.springframework.security.web.savedrequest.RequestCacheAwareFilter@7ce58c1c, org.springframework.security.web.servletapi.SecurityContextHolderAwareRequestFilter@36996b37, org.springframework.security.web.authentication.AnonymousAuthenticationFilter@1791670e, org.springframework.security.web.session.SessionManagementFilter@6e591c03, org.springframework.security.web.access.ExceptionTranslationFilter@6e6c723b, org.springframework.security.web.access.intercept.FilterSecurityInterceptor@27103726]
2024-10-13 19:20:16.378  INFO 12212 --- [           main] o.a.c.c.C.[Tomcat-1].[localhost].[/]     : Initializing Spring TestDispatcherServlet ''
2024-10-13 19:20:16.379  INFO 12212 --- [           main] o.s.t.web.servlet.TestDispatcherServlet  : Initializing Servlet ''
2024-10-13 19:20:16.380  INFO 12212 --- [           main] o.s.t.web.servlet.TestDispatcherServlet  : Completed initialization in 1 ms
2024-10-13 19:20:16.397  INFO 12212 --- [           main] o.s.b.w.embedded.tomcat.TomcatWebServer  : Tomcat started on port(s): 61350 (http) with context path ''
2024-10-13 19:20:16.401  INFO 12212 --- [   scheduling-1] c.b.b.scheduler.schedulingtask           : Inside function
2024-10-13 19:20:16.402  INFO 12212 --- [           main] c.b.b.controller.ticketControllerTest    : Started ticketControllerTest in 1.392 seconds (JVM running for 9.465)

MockHttpServletRequest:
      HTTP Method = POST
      Request URI = /authenticate
       Parameters = {}
          Headers = [Content-Type:"application/json;charset=UTF-8", Content-Length:"46"]
             Body = {"username":"support","password":"faizan.123"}
    Session Attrs = {}

Handler:
             Type = com.backendDelivery.backendDelivery.controller.Authenticate
           Method = com.backendDelivery.backendDelivery.controller.Authenticate#createAuthToken(AuthRequest)

Async:
    Async started = false
     Async result = null

Resolved Exception:
             Type = null

ModelAndView:
        View name = null
             View = null
            Model = null

FlashMap:
       Attributes = null

MockHttpServletResponse:
           Status = 403
    Error message = Access Denied
          Headers = [X-Content-Type-Options:"nosniff", X-XSS-Protection:"1; mode=block", Cache-Control:"no-cache, no-store, max-age=0, must-revalidate", Pragma:"no-cache", Expires:"0", X-Frame-Options:"DENY"]
     Content type = null
             Body = 
    Forwarded URL = null
   Redirected URL = null
          Cookies = []
]]></system-out>
  </testcase>
</testsuite>